[2017-01-24 20:34:36] local.ERROR: RuntimeException: The only supported ciphers are AES-128-CBC and AES-256-CBC with the correct key lengths. in /var/www/html/dragonsdata/vendor/laravel/framework/src/Illuminate/Encryption/Encrypter.php:43
Stack trace:
#0 /var/www/html/dragonsdata/vendor/laravel/framework/src/Illuminate/Encryption/EncryptionServiceProvider.php(27): Illuminate\Encryption\Encrypter->__construct('', 'AES-256-CBC')
#1 /var/www/html/dragonsdata/vendor/laravel/framework/src/Illuminate/Container/Container.php(746): Illuminate\Encryption\EncryptionServiceProvider->Illuminate\Encryption\{closure}(Object(Illuminate\Foundation\Application), Array)
#2 /var/www/html/dragonsdata/vendor/laravel/framework/src/Illuminate/Container/Container.php(644): Illuminate\Container\Container->build(Object(Closure), Array)
#3 /var/www/html/dragonsdata/vendor/laravel/framework/src/Illuminate/Foundation/Application.php(709): Illuminate\Container\Container->make('encrypter', Array)
#4 /var/www/html/dragonsdata/vendor/laravel/framework/src/Illuminate/Container/Container.php(864): Illuminate\Foundation\Application->make('encrypter')
#5 /var/www/html/dragonsdata/vendor/laravel/framework/src/Illuminate/Container/Container.php(819): Illuminate\Container\Container->resolveClass(Object(ReflectionParameter))
#6 /var/www/html/dragonsdata/vendor/laravel/framework/src/Illuminate/Container/Container.php(788): Illuminate\Container\Container->getDependencies(Array, Array)
#7 /var/www/html/dragonsdata/vendor/laravel/framework/src/Illuminate/Container/Container.php(644): Illuminate\Container\Container->build('App\\Http\\Middle...', Array)
#8 /var/www/html/dragonsdata/vendor/laravel/framework/src/Illuminate/Foundation/Application.php(709): Illuminate\Container\Container->make('App\\Http\\Middle...', Array)
#9 /var/www/html/dragonsdata/vendor/laravel/framework/src/Illuminate/Pipeline/Pipeline.php(127): Illuminate\Foundation\Application->make('App\\Http\\Middle...')
#10 /var/www/html/dragonsdata/vendor/laravel/framework/src/Illuminate/Routing/Pipeline.php(33): Illuminate\Pipeline\Pipeline->Illuminate\Pipeline\{closure}(Object(Illuminate\Http\Request))
#11 /var/www/html/dragonsdata/vendor/laravel/framework/src/Illuminate/Pipeline/Pipeline.php(104): Illuminate\Routing\Pipeline->Illuminate\Routing\{closure}(Object(Illuminate\Http\Request))
#12 /var/www/html/dragonsdata/vendor/laravel/framework/src/Illuminate/Routing/Router.php(655): Illuminate\Pipeline\Pipeline->then(Object(Closure))
#13 /var/www/html/dragonsdata/vendor/laravel/framework/src/Illuminate/Routing/Router.php(629): Illuminate\Routing\Router->runRouteWithinStack(Object(Illuminate\Routing\Route), Object(Illuminate\Http\Request))
#14 /var/www/html/dragonsdata/vendor/laravel/framework/src/Illuminate/Routing/Router.php(607): Illuminate\Routing\Router->dispatchToRoute(Object(Illuminate\Http\Request))
#15 /var/www/html/dragonsdata/vendor/laravel/framework/src/Illuminate/Foundation/Http/Kernel.php(268): Illuminate\Routing\Router->dispatch(Object(Illuminate\Http\Request))
#16 /var/www/html/dragonsdata/vendor/laravel/framework/src/Illuminate/Routing/Pipeline.php(53): Illuminate\Foundation\Http\Kernel->Illuminate\Foundation\Http\{closure}(Object(Illuminate\Http\Request))
#17 /var/www/html/dragonsdata/vendor/laravel/framework/src/Illuminate/Foundation/Http/Middleware/CheckForMaintenanceMode.php(46): Illuminate\Routing\Pipeline->Illuminate\Routing\{closure}(Object(Illuminate\Http\Request))
#18 /var/www/html/dragonsdata/vendor/laravel/framework/src/Illuminate/Pipeline/Pipeline.php(137): Illuminate\Foundation\Http\Middleware\CheckForMaintenanceMode->handle(Object(Illuminate\Http\Request), Object(Closure))
#19 /var/www/html/dragonsdata/vendor/laravel/framework/src/Illuminate/Routing/Pipeline.php(33): Illuminate\Pipeline\Pipeline->Illuminate\Pipeline\{closure}(Object(Illuminate\Http\Request))
#20 /var/www/html/dragonsdata/vendor/laravel/framework/src/Illuminate/Pipeline/Pipeline.php(104): Illuminate\Routing\Pipeline->Illuminate\Routing\{closure}(Object(Illuminate\Http\Request))
#21 /var/www/html/dragonsdata/vendor/laravel/framework/src/Illuminate/Foundation/Http/Kernel.php(150): Illuminate\Pipeline\Pipeline->then(Object(Closure))
#22 /var/www/html/dragonsdata/vendor/laravel/framework/src/Illuminate/Foundation/Http/Kernel.php(117): Illuminate\Foundation\Http\Kernel->sendRequestThroughRouter(Object(Illuminate\Http\Request))
#23 /var/www/html/dragonsdata/public/index.php(53): Illuminate\Foundation\Http\Kernel->handle(Object(Illuminate\Http\Request))
#24 /var/www/html/dragonsdata/server.php(21): require_once('/var/www/html/d...')
#25 {main}  
[2017-01-24 20:34:36] local.ERROR: RuntimeException: The only supported ciphers are AES-128-CBC and AES-256-CBC with the correct key lengths. in /var/www/html/dragonsdata/vendor/laravel/framework/src/Illuminate/Encryption/Encrypter.php:43
Stack trace:
#0 /var/www/html/dragonsdata/vendor/laravel/framework/src/Illuminate/Encryption/EncryptionServiceProvider.php(27): Illuminate\Encryption\Encrypter->__construct('', 'AES-256-CBC')
#1 /var/www/html/dragonsdata/vendor/laravel/framework/src/Illuminate/Container/Container.php(746): Illuminate\Encryption\EncryptionServiceProvider->Illuminate\Encryption\{closure}(Object(Illuminate\Foundation\Application), Array)
#2 /var/www/html/dragonsdata/vendor/laravel/framework/src/Illuminate/Container/Container.php(644): Illuminate\Container\Container->build(Object(Closure), Array)
#3 /var/www/html/dragonsdata/vendor/laravel/framework/src/Illuminate/Foundation/Application.php(709): Illuminate\Container\Container->make('encrypter', Array)
#4 /var/www/html/dragonsdata/vendor/laravel/framework/src/Illuminate/Container/Container.php(864): Illuminate\Foundation\Application->make('encrypter')
#5 /var/www/html/dragonsdata/vendor/laravel/framework/src/Illuminate/Container/Container.php(819): Illuminate\Container\Container->resolveClass(Object(ReflectionParameter))
#6 /var/www/html/dragonsdata/vendor/laravel/framework/src/Illuminate/Container/Container.php(788): Illuminate\Container\Container->getDependencies(Array, Array)
#7 /var/www/html/dragonsdata/vendor/laravel/framework/src/Illuminate/Container/Container.php(644): Illuminate\Container\Container->build('App\\Http\\Middle...', Array)
#8 /var/www/html/dragonsdata/vendor/laravel/framework/src/Illuminate/Foundation/Application.php(709): Illuminate\Container\Container->make('App\\Http\\Middle...', Array)
#9 /var/www/html/dragonsdata/vendor/laravel/framework/src/Illuminate/Foundation/Http/Kernel.php(174): Illuminate\Foundation\Application->make('App\\Http\\Middle...')
#10 /var/www/html/dragonsdata/public/index.php(58): Illuminate\Foundation\Http\Kernel->terminate(Object(Illuminate\Http\Request), Object(Illuminate\Http\Response))
#11 /var/www/html/dragonsdata/server.php(21): require_once('/var/www/html/d...')
#12 {main}  
[2017-01-24 20:41:26] local.ERROR: PDOException: could not find driver in /var/www/html/dragonsdata/vendor/laravel/framework/src/Illuminate/Database/Connectors/Connector.php:119
Stack trace:
#0 /var/www/html/dragonsdata/vendor/laravel/framework/src/Illuminate/Database/Connectors/Connector.php(119): PDO->__construct('mysql:host=127....', 'homestead', 'secret', Array)
#1 /var/www/html/dragonsdata/vendor/laravel/framework/src/Illuminate/Database/Connectors/Connector.php(56): Illuminate\Database\Connectors\Connector->createPdoConnection('mysql:host=127....', 'homestead', 'secret', Array)
#2 /var/www/html/dragonsdata/vendor/laravel/framework/src/Illuminate/Database/Connectors/MySqlConnector.php(24): Illuminate\Database\Connectors\Connector->createConnection('mysql:host=127....', Array, Array)
#3 /var/www/html/dragonsdata/vendor/laravel/framework/src/Illuminate/Database/Connectors/ConnectionFactory.php(126): Illuminate\Database\Connectors\MySqlConnector->connect(Array)
#4 [internal function]: Illuminate\Database\Connectors\ConnectionFactory->Illuminate\Database\Connectors\{closure}()
#5 /var/www/html/dragonsdata/vendor/laravel/framework/src/Illuminate/Database/Connection.php(965): call_user_func(Object(Closure))
#6 /var/www/html/dragonsdata/vendor/laravel/framework/src/Illuminate/Database/Connection.php(986): Illuminate\Database\Connection->getPdo()
#7 /var/www/html/dragonsdata/vendor/laravel/framework/src/Illuminate/Database/Connection.php(423): Illuminate\Database\Connection->getReadPdo()
#8 /var/www/html/dragonsdata/vendor/laravel/framework/src/Illuminate/Database/Connection.php(333): Illuminate\Database\Connection->getPdoForSelect(true)
#9 /var/www/html/dragonsdata/vendor/laravel/framework/src/Illuminate/Database/Connection.php(763): Illuminate\Database\Connection->Illuminate\Database\{closure}(Object(Illuminate\Database\MySqlConnection), 'select * from i...', Array)
#10 /var/www/html/dragonsdata/vendor/laravel/framework/src/Illuminate/Database/Connection.php(726): Illuminate\Database\Connection->runQueryCallback('select * from i...', Array, Object(Closure))
#11 /var/www/html/dragonsdata/vendor/laravel/framework/src/Illuminate/Database/Connection.php(351): Illuminate\Database\Connection->run('select * from i...', Array, Object(Closure))
#12 /var/www/html/dragonsdata/vendor/laravel/framework/src/Illuminate/Database/Schema/MySqlBuilder.php(21): Illuminate\Database\Connection->select('select * from i...', Array)
#13 /var/www/html/dragonsdata/vendor/laravel/framework/src/Illuminate/Database/Migrations/DatabaseMigrationRepository.php(156): Illuminate\Database\Schema\MySqlBuilder->hasTable('migrations')
#14 /var/www/html/dragonsdata/vendor/laravel/framework/src/Illuminate/Database/Migrations/Migrator.php(515): Illuminate\Database\Migrations\DatabaseMigrationRepository->repositoryExists()
#15 /var/www/html/dragonsdata/vendor/laravel/framework/src/Illuminate/Database/Console/Migrations/MigrateCommand.php(92): Illuminate\Database\Migrations\Migrator->repositoryExists()
#16 /var/www/html/dragonsdata/vendor/laravel/framework/src/Illuminate/Database/Console/Migrations/MigrateCommand.php(58): Illuminate\Database\Console\Migrations\MigrateCommand->prepareDatabase()
#17 [internal function]: Illuminate\Database\Console\Migrations\MigrateCommand->fire()
#18 /var/www/html/dragonsdata/vendor/laravel/framework/src/Illuminate/Container/Container.php(508): call_user_func_array(Array, Array)
#19 /var/www/html/dragonsdata/vendor/laravel/framework/src/Illuminate/Console/Command.php(169): Illuminate\Container\Container->call(Array)
#20 /var/www/html/dragonsdata/vendor/symfony/console/Command/Command.php(261): Illuminate\Console\Command->execute(Object(Symfony\Component\Console\Input\ArgvInput), Object(Symfony\Component\Console\Output\ConsoleOutput))
#21 /var/www/html/dragonsdata/vendor/laravel/framework/src/Illuminate/Console/Command.php(155): Symfony\Component\Console\Command\Command->run(Object(Symfony\Component\Console\Input\ArgvInput), Object(Symfony\Component\Console\Output\ConsoleOutput))
#22 /var/www/html/dragonsdata/vendor/symfony/console/Application.php(817): Illuminate\Console\Command->run(Object(Symfony\Component\Console\Input\ArgvInput), Object(Symfony\Component\Console\Output\ConsoleOutput))
#23 /var/www/html/dragonsdata/vendor/symfony/console/Application.php(185): Symfony\Component\Console\Application->doRunCommand(Object(Illuminate\Database\Console\Migrations\MigrateCommand), Object(Symfony\Component\Console\Input\ArgvInput), Object(Symfony\Component\Console\Output\ConsoleOutput))
#24 /var/www/html/dragonsdata/vendor/symfony/console/Application.php(116): Symfony\Component\Console\Application->doRun(Object(Symfony\Component\Console\Input\ArgvInput), Object(Symfony\Component\Console\Output\ConsoleOutput))
#25 /var/www/html/dragonsdata/vendor/laravel/framework/src/Illuminate/Foundation/Console/Kernel.php(121): Symfony\Component\Console\Application->run(Object(Symfony\Component\Console\Input\ArgvInput), Object(Symfony\Component\Console\Output\ConsoleOutput))
#26 /var/www/html/dragonsdata/artisan(35): Illuminate\Foundation\Console\Kernel->handle(Object(Symfony\Component\Console\Input\ArgvInput), Object(Symfony\Component\Console\Output\ConsoleOutput))
#27 {main}  
[2017-01-24 20:41:26] local.ERROR: PDOException: could not find driver in /var/www/html/dragonsdata/vendor/laravel/framework/src/Illuminate/Database/Connectors/Connector.php:119
Stack trace:
#0 /var/www/html/dragonsdata/vendor/laravel/framework/src/Illuminate/Database/Connectors/Connector.php(119): PDO->__construct('mysql:host=127....', 'homestead', 'secret', Array)
#1 /var/www/html/dragonsdata/vendor/laravel/framework/src/Illuminate/Database/Connectors/Connector.php(56): Illuminate\Database\Connectors\Connector->createPdoConnection('mysql:host=127....', 'homestead', 'secret', Array)
#2 /var/www/html/dragonsdata/vendor/laravel/framework/src/Illuminate/Database/Connectors/MySqlConnector.php(24): Illuminate\Database\Connectors\Connector->createConnection('mysql:host=127....', Array, Array)
#3 /var/www/html/dragonsdata/vendor/laravel/framework/src/Illuminate/Database/Connectors/ConnectionFactory.php(126): Illuminate\Database\Connectors\MySqlConnector->connect(Array)
#4 [internal function]: Illuminate\Database\Connectors\ConnectionFactory->Illuminate\Database\Connectors\{closure}()
#5 /var/www/html/dragonsdata/vendor/laravel/framework/src/Illuminate/Database/Connection.php(965): call_user_func(Object(Closure))
#6 /var/www/html/dragonsdata/vendor/laravel/framework/src/Illuminate/Database/Connection.php(986): Illuminate\Database\Connection->getPdo()
#7 /var/www/html/dragonsdata/vendor/laravel/framework/src/Illuminate/Database/Connection.php(423): Illuminate\Database\Connection->getReadPdo()
#8 /var/www/html/dragonsdata/vendor/laravel/framework/src/Illuminate/Database/Connection.php(333): Illuminate\Database\Connection->getPdoForSelect(true)
#9 /var/www/html/dragonsdata/vendor/laravel/framework/src/Illuminate/Database/Connection.php(763): Illuminate\Database\Connection->Illuminate\Database\{closure}(Object(Illuminate\Database\MySqlConnection), 'select * from i...', Array)
#10 /var/www/html/dragonsdata/vendor/laravel/framework/src/Illuminate/Database/Connection.php(726): Illuminate\Database\Connection->runQueryCallback('select * from i...', Array, Object(Closure))
#11 /var/www/html/dragonsdata/vendor/laravel/framework/src/Illuminate/Database/Connection.php(351): Illuminate\Database\Connection->run('select * from i...', Array, Object(Closure))
#12 /var/www/html/dragonsdata/vendor/laravel/framework/src/Illuminate/Database/Schema/MySqlBuilder.php(21): Illuminate\Database\Connection->select('select * from i...', Array)
#13 /var/www/html/dragonsdata/vendor/laravel/framework/src/Illuminate/Database/Migrations/DatabaseMigrationRepository.php(156): Illuminate\Database\Schema\MySqlBuilder->hasTable('migrations')
#14 /var/www/html/dragonsdata/vendor/laravel/framework/src/Illuminate/Database/Migrations/Migrator.php(515): Illuminate\Database\Migrations\DatabaseMigrationRepository->repositoryExists()
#15 /var/www/html/dragonsdata/vendor/laravel/framework/src/Illuminate/Database/Console/Migrations/MigrateCommand.php(92): Illuminate\Database\Migrations\Migrator->repositoryExists()
#16 /var/www/html/dragonsdata/vendor/laravel/framework/src/Illuminate/Database/Console/Migrations/MigrateCommand.php(58): Illuminate\Database\Console\Migrations\MigrateCommand->prepareDatabase()
#17 [internal function]: Illuminate\Database\Console\Migrations\MigrateCommand->fire()
#18 /var/www/html/dragonsdata/vendor/laravel/framework/src/Illuminate/Container/Container.php(508): call_user_func_array(Array, Array)
#19 /var/www/html/dragonsdata/vendor/laravel/framework/src/Illuminate/Console/Command.php(169): Illuminate\Container\Container->call(Array)
#20 /var/www/html/dragonsdata/vendor/symfony/console/Command/Command.php(261): Illuminate\Console\Command->execute(Object(Symfony\Component\Console\Input\ArgvInput), Object(Symfony\Component\Console\Output\ConsoleOutput))
#21 /var/www/html/dragonsdata/vendor/laravel/framework/src/Illuminate/Console/Command.php(155): Symfony\Component\Console\Command\Command->run(Object(Symfony\Component\Console\Input\ArgvInput), Object(Symfony\Component\Console\Output\ConsoleOutput))
#22 /var/www/html/dragonsdata/vendor/symfony/console/Application.php(817): Illuminate\Console\Command->run(Object(Symfony\Component\Console\Input\ArgvInput), Object(Symfony\Component\Console\Output\ConsoleOutput))
#23 /var/www/html/dragonsdata/vendor/symfony/console/Application.php(185): Symfony\Component\Console\Application->doRunCommand(Object(Illuminate\Database\Console\Migrations\MigrateCommand), Object(Symfony\Component\Console\Input\ArgvInput), Object(Symfony\Component\Console\Output\ConsoleOutput))
#24 /var/www/html/dragonsdata/vendor/symfony/console/Application.php(116): Symfony\Component\Console\Application->doRun(Object(Symfony\Component\Console\Input\ArgvInput), Object(Symfony\Component\Console\Output\ConsoleOutput))
#25 /var/www/html/dragonsdata/vendor/laravel/framework/src/Illuminate/Foundation/Console/Kernel.php(121): Symfony\Component\Console\Application->run(Object(Symfony\Component\Console\Input\ArgvInput), Object(Symfony\Component\Console\Output\ConsoleOutput))
#26 /var/www/html/dragonsdata/artisan(35): Illuminate\Foundation\Console\Kernel->handle(Object(Symfony\Component\Console\Input\ArgvInput), Object(Symfony\Component\Console\Output\ConsoleOutput))
#27 {main}

Next Illuminate\Database\QueryException: could not find driver (SQL: select * from information_schema.tables where table_schema = homestead and table_name = migrations) in /var/www/html/dragonsdata/vendor/laravel/framework/src/Illuminate/Database/Connection.php:770
Stack trace:
#0 /var/www/html/dragonsdata/vendor/laravel/framework/src/Illuminate/Database/Connection.php(726): Illuminate\Database\Connection->runQueryCallback('select * from i...', Array, Object(Closure))
#1 /var/www/html/dragonsdata/vendor/laravel/framework/src/Illuminate/Database/Connection.php(351): Illuminate\Database\Connection->run('select * from i...', Array, Object(Closure))
#2 /var/www/html/dragonsdata/vendor/laravel/framework/src/Illuminate/Database/Schema/MySqlBuilder.php(21): Illuminate\Database\Connection->select('select * from i...', Array)
#3 /var/www/html/dragonsdata/vendor/laravel/framework/src/Illuminate/Database/Migrations/DatabaseMigrationRepository.php(156): Illuminate\Database\Schema\MySqlBuilder->hasTable('migrations')
#4 /var/www/html/dragonsdata/vendor/laravel/framework/src/Illuminate/Database/Migrations/Migrator.php(515): Illuminate\Database\Migrations\DatabaseMigrationRepository->repositoryExists()
#5 /var/www/html/dragonsdata/vendor/laravel/framework/src/Illuminate/Database/Console/Migrations/MigrateCommand.php(92): Illuminate\Database\Migrations\Migrator->repositoryExists()
#6 /var/www/html/dragonsdata/vendor/laravel/framework/src/Illuminate/Database/Console/Migrations/MigrateCommand.php(58): Illuminate\Database\Console\Migrations\MigrateCommand->prepareDatabase()
#7 [internal function]: Illuminate\Database\Console\Migrations\MigrateCommand->fire()
#8 /var/www/html/dragonsdata/vendor/laravel/framework/src/Illuminate/Container/Container.php(508): call_user_func_array(Array, Array)
#9 /var/www/html/dragonsdata/vendor/laravel/framework/src/Illuminate/Console/Command.php(169): Illuminate\Container\Container->call(Array)
#10 /var/www/html/dragonsdata/vendor/symfony/console/Command/Command.php(261): Illuminate\Console\Command->execute(Object(Symfony\Component\Console\Input\ArgvInput), Object(Symfony\Component\Console\Output\ConsoleOutput))
#11 /var/www/html/dragonsdata/vendor/laravel/framework/src/Illuminate/Console/Command.php(155): Symfony\Component\Console\Command\Command->run(Object(Symfony\Component\Console\Input\ArgvInput), Object(Symfony\Component\Console\Output\ConsoleOutput))
#12 /var/www/html/dragonsdata/vendor/symfony/console/Application.php(817): Illuminate\Console\Command->run(Object(Symfony\Component\Console\Input\ArgvInput), Object(Symfony\Component\Console\Output\ConsoleOutput))
#13 /var/www/html/dragonsdata/vendor/symfony/console/Application.php(185): Symfony\Component\Console\Application->doRunCommand(Object(Illuminate\Database\Console\Migrations\MigrateCommand), Object(Symfony\Component\Console\Input\ArgvInput), Object(Symfony\Component\Console\Output\ConsoleOutput))
#14 /var/www/html/dragonsdata/vendor/symfony/console/Application.php(116): Symfony\Component\Console\Application->doRun(Object(Symfony\Component\Console\Input\ArgvInput), Object(Symfony\Component\Console\Output\ConsoleOutput))
#15 /var/www/html/dragonsdata/vendor/laravel/framework/src/Illuminate/Foundation/Console/Kernel.php(121): Symfony\Component\Console\Application->run(Object(Symfony\Component\Console\Input\ArgvInput), Object(Symfony\Component\Console\Output\ConsoleOutput))
#16 /var/www/html/dragonsdata/artisan(35): Illuminate\Foundation\Console\Kernel->handle(Object(Symfony\Component\Console\Input\ArgvInput), Object(Symfony\Component\Console\Output\ConsoleOutput))
#17 {main}  
[2017-01-24 20:41:58] local.ERROR: PDOException: could not find driver in /var/www/html/dragonsdata/vendor/laravel/framework/src/Illuminate/Database/Connectors/Connector.php:119
Stack trace:
#0 /var/www/html/dragonsdata/vendor/laravel/framework/src/Illuminate/Database/Connectors/Connector.php(119): PDO->__construct('mysql:host=127....', 'homestead', 'secret', Array)
#1 /var/www/html/dragonsdata/vendor/laravel/framework/src/Illuminate/Database/Connectors/Connector.php(56): Illuminate\Database\Connectors\Connector->createPdoConnection('mysql:host=127....', 'homestead', 'secret', Array)
#2 /var/www/html/dragonsdata/vendor/laravel/framework/src/Illuminate/Database/Connectors/MySqlConnector.php(24): Illuminate\Database\Connectors\Connector->createConnection('mysql:host=127....', Array, Array)
#3 /var/www/html/dragonsdata/vendor/laravel/framework/src/Illuminate/Database/Connectors/ConnectionFactory.php(126): Illuminate\Database\Connectors\MySqlConnector->connect(Array)
#4 [internal function]: Illuminate\Database\Connectors\ConnectionFactory->Illuminate\Database\Connectors\{closure}()
#5 /var/www/html/dragonsdata/vendor/laravel/framework/src/Illuminate/Database/Connection.php(965): call_user_func(Object(Closure))
#6 /var/www/html/dragonsdata/vendor/laravel/framework/src/Illuminate/Database/Connection.php(423): Illuminate\Database\Connection->getPdo()
#7 /var/www/html/dragonsdata/vendor/laravel/framework/src/Illuminate/Database/Connection.php(333): Illuminate\Database\Connection->getPdoForSelect(false)
#8 /var/www/html/dragonsdata/vendor/laravel/framework/src/Illuminate/Database/Connection.php(763): Illuminate\Database\Connection->Illuminate\Database\{closure}(Object(Illuminate\Database\MySqlConnection), 'select count(*)...', Array)
#9 /var/www/html/dragonsdata/vendor/laravel/framework/src/Illuminate/Database/Connection.php(726): Illuminate\Database\Connection->runQueryCallback('select count(*)...', Array, Object(Closure))
#10 /var/www/html/dragonsdata/vendor/laravel/framework/src/Illuminate/Database/Connection.php(351): Illuminate\Database\Connection->run('select count(*)...', Array, Object(Closure))
#11 /var/www/html/dragonsdata/vendor/laravel/framework/src/Illuminate/Database/Query/Builder.php(1648): Illuminate\Database\Connection->select('select count(*)...', Array, false)
#12 /var/www/html/dragonsdata/vendor/laravel/framework/src/Illuminate/Database/Query/Builder.php(1634): Illuminate\Database\Query\Builder->runSelect()
#13 /var/www/html/dragonsdata/vendor/laravel/framework/src/Illuminate/Database/Query/Builder.php(2049): Illuminate\Database\Query\Builder->get(Array)
#14 /var/www/html/dragonsdata/vendor/laravel/framework/src/Illuminate/Database/Query/Builder.php(1969): Illuminate\Database\Query\Builder->aggregate('count', Array)
#15 /var/www/html/dragonsdata/vendor/laravel/framework/src/Illuminate/Validation/DatabasePresenceVerifier.php(65): Illuminate\Database\Query\Builder->count()
#16 /var/www/html/dragonsdata/vendor/laravel/framework/src/Illuminate/Validation/Validator.php(1403): Illuminate\Validation\DatabasePresenceVerifier->getCount('users', 'email', 'rubenmaurer@liv...', NULL, NULL, Array)
#17 /var/www/html/dragonsdata/vendor/laravel/framework/src/Illuminate/Validation/Validator.php(517): Illuminate\Validation\Validator->validateUnique('email', 'rubenmaurer@liv...', Array, Object(Illuminate\Validation\Validator))
#18 /var/www/html/dragonsdata/vendor/laravel/framework/src/Illuminate/Validation/Validator.php(431): Illuminate\Validation\Validator->validateAttribute('email', 'Unique')
#19 /var/www/html/dragonsdata/vendor/laravel/framework/src/Illuminate/Validation/Validator.php(456): Illuminate\Validation\Validator->passes()
#20 /var/www/html/dragonsdata/vendor/laravel/framework/src/Illuminate/Validation/Validator.php(468): Illuminate\Validation\Validator->fails()
#21 /var/www/html/dragonsdata/vendor/laravel/framework/src/Illuminate/Foundation/Auth/RegistersUsers.php(31): Illuminate\Validation\Validator->validate()
#22 [internal function]: App\Http\Controllers\Auth\RegisterController->register(Object(Illuminate\Http\Request))
#23 /var/www/html/dragonsdata/vendor/laravel/framework/src/Illuminate/Routing/Controller.php(55): call_user_func_array(Array, Array)
#24 /var/www/html/dragonsdata/vendor/laravel/framework/src/Illuminate/Routing/ControllerDispatcher.php(44): Illuminate\Routing\Controller->callAction('register', Array)
#25 /var/www/html/dragonsdata/vendor/laravel/framework/src/Illuminate/Routing/Route.php(189): Illuminate\Routing\ControllerDispatcher->dispatch(Object(Illuminate\Routing\Route), Object(App\Http\Controllers\Auth\RegisterController), 'register')
#26 /var/www/html/dragonsdata/vendor/laravel/framework/src/Illuminate/Routing/Route.php(144): Illuminate\Routing\Route->runController()
#27 /var/www/html/dragonsdata/vendor/laravel/framework/src/Illuminate/Routing/Router.php(653): Illuminate\Routing\Route->run(Object(Illuminate\Http\Request))
#28 /var/www/html/dragonsdata/vendor/laravel/framework/src/Illuminate/Routing/Pipeline.php(53): Illuminate\Routing\Router->Illuminate\Routing\{closure}(Object(Illuminate\Http\Request))
#29 /var/www/html/dragonsdata/app/Http/Middleware/RedirectIfAuthenticated.php(24): Illuminate\Routing\Pipeline->Illuminate\Routing\{closure}(Object(Illuminate\Http\Request))
#30 /var/www/html/dragonsdata/vendor/laravel/framework/src/Illuminate/Pipeline/Pipeline.php(137): App\Http\Middleware\RedirectIfAuthenticated->handle(Object(Illuminate\Http\Request), Object(Closure))
#31 /var/www/html/dragonsdata/vendor/laravel/framework/src/Illuminate/Routing/Pipeline.php(33): Illuminate\Pipeline\Pipeline->Illuminate\Pipeline\{closure}(Object(Illuminate\Http\Request))
#32 /var/www/html/dragonsdata/vendor/laravel/framework/src/Illuminate/Routing/Middleware/SubstituteBindings.php(41): Illuminate\Routing\Pipeline->Illuminate\Routing\{closure}(Object(Illuminate\Http\Request))
#33 /var/www/html/dragonsdata/vendor/laravel/framework/src/Illuminate/Pipeline/Pipeline.php(137): Illuminate\Routing\Middleware\SubstituteBindings->handle(Object(Illuminate\Http\Request), Object(Closure))
#34 /var/www/html/dragonsdata/vendor/laravel/framework/src/Illuminate/Routing/Pipeline.php(33): Illuminate\Pipeline\Pipeline->Illuminate\Pipeline\{closure}(Object(Illuminate\Http\Request))
#35 /var/www/html/dragonsdata/vendor/laravel/framework/src/Illuminate/Foundation/Http/Middleware/VerifyCsrfToken.php(65): Illuminate\Routing\Pipeline->Illuminate\Routing\{closure}(Object(Illuminate\Http\Request))
#36 /var/www/html/dragonsdata/vendor/laravel/framework/src/Illuminate/Pipeline/Pipeline.php(137): Illuminate\Foundation\Http\Middleware\VerifyCsrfToken->handle(Object(Illuminate\Http\Request), Object(Closure))
#37 /var/www/html/dragonsdata/vendor/laravel/framework/src/Illuminate/Routing/Pipeline.php(33): Illuminate\Pipeline\Pipeline->Illuminate\Pipeline\{closure}(Object(Illuminate\Http\Request))
#38 /var/www/html/dragonsdata/vendor/laravel/framework/src/Illuminate/View/Middleware/ShareErrorsFromSession.php(49): Illuminate\Routing\Pipeline->Illuminate\Routing\{closure}(Object(Illuminate\Http\Request))
#39 /var/www/html/dragonsdata/vendor/laravel/framework/src/Illuminate/Pipeline/Pipeline.php(137): Illuminate\View\Middleware\ShareErrorsFromSession->handle(Object(Illuminate\Http\Request), Object(Closure))
#40 /var/www/html/dragonsdata/vendor/laravel/framework/src/Illuminate/Routing/Pipeline.php(33): Illuminate\Pipeline\Pipeline->Illuminate\Pipeline\{closure}(Object(Illuminate\Http\Request))
#41 /var/www/html/dragonsdata/vendor/laravel/framework/src/Illuminate/Session/Middleware/StartSession.php(64): Illuminate\Routing\Pipeline->Illuminate\Routing\{closure}(Object(Illuminate\Http\Request))
#42 /var/www/html/dragonsdata/vendor/laravel/framework/src/Illuminate/Pipeline/Pipeline.php(137): Illuminate\Session\Middleware\StartSession->handle(Object(Illuminate\Http\Request), Object(Closure))
#43 /var/www/html/dragonsdata/vendor/laravel/framework/src/Illuminate/Routing/Pipeline.php(33): Illuminate\Pipeline\Pipeline->Illuminate\Pipeline\{closure}(Object(Illuminate\Http\Request))
#44 /var/www/html/dragonsdata/vendor/laravel/framework/src/Illuminate/Cookie/Middleware/AddQueuedCookiesToResponse.php(37): Illuminate\Routing\Pipeline->Illuminate\Routing\{closure}(Object(Illuminate\Http\Request))
#45 /var/www/html/dragonsdata/vendor/laravel/framework/src/Illuminate/Pipeline/Pipeline.php(137): Illuminate\Cookie\Middleware\AddQueuedCookiesToResponse->handle(Object(Illuminate\Http\Request), Object(Closure))
#46 /var/www/html/dragonsdata/vendor/laravel/framework/src/Illuminate/Routing/Pipeline.php(33): Illuminate\Pipeline\Pipeline->Illuminate\Pipeline\{closure}(Object(Illuminate\Http\Request))
#47 /var/www/html/dragonsdata/vendor/laravel/framework/src/Illuminate/Cookie/Middleware/EncryptCookies.php(59): Illuminate\Routing\Pipeline->Illuminate\Routing\{closure}(Object(Illuminate\Http\Request))
#48 /var/www/html/dragonsdata/vendor/laravel/framework/src/Illuminate/Pipeline/Pipeline.php(137): Illuminate\Cookie\Middleware\EncryptCookies->handle(Object(Illuminate\Http\Request), Object(Closure))
#49 /var/www/html/dragonsdata/vendor/laravel/framework/src/Illuminate/Routing/Pipeline.php(33): Illuminate\Pipeline\Pipeline->Illuminate\Pipeline\{closure}(Object(Illuminate\Http\Request))
#50 /var/www/html/dragonsdata/vendor/laravel/framework/src/Illuminate/Pipeline/Pipeline.php(104): Illuminate\Routing\Pipeline->Illuminate\Routing\{closure}(Object(Illuminate\Http\Request))
#51 /var/www/html/dragonsdata/vendor/laravel/framework/src/Illuminate/Routing/Router.php(655): Illuminate\Pipeline\Pipeline->then(Object(Closure))
#52 /var/www/html/dragonsdata/vendor/laravel/framework/src/Illuminate/Routing/Router.php(629): Illuminate\Routing\Router->runRouteWithinStack(Object(Illuminate\Routing\Route), Object(Illuminate\Http\Request))
#53 /var/www/html/dragonsdata/vendor/laravel/framework/src/Illuminate/Routing/Router.php(607): Illuminate\Routing\Router->dispatchToRoute(Object(Illuminate\Http\Request))
#54 /var/www/html/dragonsdata/vendor/laravel/framework/src/Illuminate/Foundation/Http/Kernel.php(268): Illuminate\Routing\Router->dispatch(Object(Illuminate\Http\Request))
#55 /var/www/html/dragonsdata/vendor/laravel/framework/src/Illuminate/Routing/Pipeline.php(53): Illuminate\Foundation\Http\Kernel->Illuminate\Foundation\Http\{closure}(Object(Illuminate\Http\Request))
#56 /var/www/html/dragonsdata/vendor/laravel/framework/src/Illuminate/Foundation/Http/Middleware/CheckForMaintenanceMode.php(46): Illuminate\Routing\Pipeline->Illuminate\Routing\{closure}(Object(Illuminate\Http\Request))
#57 /var/www/html/dragonsdata/vendor/laravel/framework/src/Illuminate/Pipeline/Pipeline.php(137): Illuminate\Foundation\Http\Middleware\CheckForMaintenanceMode->handle(Object(Illuminate\Http\Request), Object(Closure))
#58 /var/www/html/dragonsdata/vendor/laravel/framework/src/Illuminate/Routing/Pipeline.php(33): Illuminate\Pipeline\Pipeline->Illuminate\Pipeline\{closure}(Object(Illuminate\Http\Request))
#59 /var/www/html/dragonsdata/vendor/laravel/framework/src/Illuminate/Pipeline/Pipeline.php(104): Illuminate\Routing\Pipeline->Illuminate\Routing\{closure}(Object(Illuminate\Http\Request))
#60 /var/www/html/dragonsdata/vendor/laravel/framework/src/Illuminate/Foundation/Http/Kernel.php(150): Illuminate\Pipeline\Pipeline->then(Object(Closure))
#61 /var/www/html/dragonsdata/vendor/laravel/framework/src/Illuminate/Foundation/Http/Kernel.php(117): Illuminate\Foundation\Http\Kernel->sendRequestThroughRouter(Object(Illuminate\Http\Request))
#62 /var/www/html/dragonsdata/public/index.php(53): Illuminate\Foundation\Http\Kernel->handle(Object(Illuminate\Http\Request))
#63 /var/www/html/dragonsdata/server.php(21): require_once('/var/www/html/d...')
#64 {main}  
[2017-01-24 20:41:58] local.ERROR: PDOException: could not find driver in /var/www/html/dragonsdata/vendor/laravel/framework/src/Illuminate/Database/Connectors/Connector.php:119
Stack trace:
#0 /var/www/html/dragonsdata/vendor/laravel/framework/src/Illuminate/Database/Connectors/Connector.php(119): PDO->__construct('mysql:host=127....', 'homestead', 'secret', Array)
#1 /var/www/html/dragonsdata/vendor/laravel/framework/src/Illuminate/Database/Connectors/Connector.php(56): Illuminate\Database\Connectors\Connector->createPdoConnection('mysql:host=127....', 'homestead', 'secret', Array)
#2 /var/www/html/dragonsdata/vendor/laravel/framework/src/Illuminate/Database/Connectors/MySqlConnector.php(24): Illuminate\Database\Connectors\Connector->createConnection('mysql:host=127....', Array, Array)
#3 /var/www/html/dragonsdata/vendor/laravel/framework/src/Illuminate/Database/Connectors/ConnectionFactory.php(126): Illuminate\Database\Connectors\MySqlConnector->connect(Array)
#4 [internal function]: Illuminate\Database\Connectors\ConnectionFactory->Illuminate\Database\Connectors\{closure}()
#5 /var/www/html/dragonsdata/vendor/laravel/framework/src/Illuminate/Database/Connection.php(965): call_user_func(Object(Closure))
#6 /var/www/html/dragonsdata/vendor/laravel/framework/src/Illuminate/Database/Connection.php(423): Illuminate\Database\Connection->getPdo()
#7 /var/www/html/dragonsdata/vendor/laravel/framework/src/Illuminate/Database/Connection.php(333): Illuminate\Database\Connection->getPdoForSelect(false)
#8 /var/www/html/dragonsdata/vendor/laravel/framework/src/Illuminate/Database/Connection.php(763): Illuminate\Database\Connection->Illuminate\Database\{closure}(Object(Illuminate\Database\MySqlConnection), 'select count(*)...', Array)
#9 /var/www/html/dragonsdata/vendor/laravel/framework/src/Illuminate/Database/Connection.php(726): Illuminate\Database\Connection->runQueryCallback('select count(*)...', Array, Object(Closure))
#10 /var/www/html/dragonsdata/vendor/laravel/framework/src/Illuminate/Database/Connection.php(351): Illuminate\Database\Connection->run('select count(*)...', Array, Object(Closure))
#11 /var/www/html/dragonsdata/vendor/laravel/framework/src/Illuminate/Database/Query/Builder.php(1648): Illuminate\Database\Connection->select('select count(*)...', Array, false)
#12 /var/www/html/dragonsdata/vendor/laravel/framework/src/Illuminate/Database/Query/Builder.php(1634): Illuminate\Database\Query\Builder->runSelect()
#13 /var/www/html/dragonsdata/vendor/laravel/framework/src/Illuminate/Database/Query/Builder.php(2049): Illuminate\Database\Query\Builder->get(Array)
#14 /var/www/html/dragonsdata/vendor/laravel/framework/src/Illuminate/Database/Query/Builder.php(1969): Illuminate\Database\Query\Builder->aggregate('count', Array)
#15 /var/www/html/dragonsdata/vendor/laravel/framework/src/Illuminate/Validation/DatabasePresenceVerifier.php(65): Illuminate\Database\Query\Builder->count()
#16 /var/www/html/dragonsdata/vendor/laravel/framework/src/Illuminate/Validation/Validator.php(1403): Illuminate\Validation\DatabasePresenceVerifier->getCount('users', 'email', 'rubenmaurer@liv...', NULL, NULL, Array)
#17 /var/www/html/dragonsdata/vendor/laravel/framework/src/Illuminate/Validation/Validator.php(517): Illuminate\Validation\Validator->validateUnique('email', 'rubenmaurer@liv...', Array, Object(Illuminate\Validation\Validator))
#18 /var/www/html/dragonsdata/vendor/laravel/framework/src/Illuminate/Validation/Validator.php(431): Illuminate\Validation\Validator->validateAttribute('email', 'Unique')
#19 /var/www/html/dragonsdata/vendor/laravel/framework/src/Illuminate/Validation/Validator.php(456): Illuminate\Validation\Validator->passes()
#20 /var/www/html/dragonsdata/vendor/laravel/framework/src/Illuminate/Validation/Validator.php(468): Illuminate\Validation\Validator->fails()
#21 /var/www/html/dragonsdata/vendor/laravel/framework/src/Illuminate/Foundation/Auth/RegistersUsers.php(31): Illuminate\Validation\Validator->validate()
#22 [internal function]: App\Http\Controllers\Auth\RegisterController->register(Object(Illuminate\Http\Request))
#23 /var/www/html/dragonsdata/vendor/laravel/framework/src/Illuminate/Routing/Controller.php(55): call_user_func_array(Array, Array)
#24 /var/www/html/dragonsdata/vendor/laravel/framework/src/Illuminate/Routing/ControllerDispatcher.php(44): Illuminate\Routing\Controller->callAction('register', Array)
#25 /var/www/html/dragonsdata/vendor/laravel/framework/src/Illuminate/Routing/Route.php(189): Illuminate\Routing\ControllerDispatcher->dispatch(Object(Illuminate\Routing\Route), Object(App\Http\Controllers\Auth\RegisterController), 'register')
#26 /var/www/html/dragonsdata/vendor/laravel/framework/src/Illuminate/Routing/Route.php(144): Illuminate\Routing\Route->runController()
#27 /var/www/html/dragonsdata/vendor/laravel/framework/src/Illuminate/Routing/Router.php(653): Illuminate\Routing\Route->run(Object(Illuminate\Http\Request))
#28 /var/www/html/dragonsdata/vendor/laravel/framework/src/Illuminate/Routing/Pipeline.php(53): Illuminate\Routing\Router->Illuminate\Routing\{closure}(Object(Illuminate\Http\Request))
#29 /var/www/html/dragonsdata/app/Http/Middleware/RedirectIfAuthenticated.php(24): Illuminate\Routing\Pipeline->Illuminate\Routing\{closure}(Object(Illuminate\Http\Request))
#30 /var/www/html/dragonsdata/vendor/laravel/framework/src/Illuminate/Pipeline/Pipeline.php(137): App\Http\Middleware\RedirectIfAuthenticated->handle(Object(Illuminate\Http\Request), Object(Closure))
#31 /var/www/html/dragonsdata/vendor/laravel/framework/src/Illuminate/Routing/Pipeline.php(33): Illuminate\Pipeline\Pipeline->Illuminate\Pipeline\{closure}(Object(Illuminate\Http\Request))
#32 /var/www/html/dragonsdata/vendor/laravel/framework/src/Illuminate/Routing/Middleware/SubstituteBindings.php(41): Illuminate\Routing\Pipeline->Illuminate\Routing\{closure}(Object(Illuminate\Http\Request))
#33 /var/www/html/dragonsdata/vendor/laravel/framework/src/Illuminate/Pipeline/Pipeline.php(137): Illuminate\Routing\Middleware\SubstituteBindings->handle(Object(Illuminate\Http\Request), Object(Closure))
#34 /var/www/html/dragonsdata/vendor/laravel/framework/src/Illuminate/Routing/Pipeline.php(33): Illuminate\Pipeline\Pipeline->Illuminate\Pipeline\{closure}(Object(Illuminate\Http\Request))
#35 /var/www/html/dragonsdata/vendor/laravel/framework/src/Illuminate/Foundation/Http/Middleware/VerifyCsrfToken.php(65): Illuminate\Routing\Pipeline->Illuminate\Routing\{closure}(Object(Illuminate\Http\Request))
#36 /var/www/html/dragonsdata/vendor/laravel/framework/src/Illuminate/Pipeline/Pipeline.php(137): Illuminate\Foundation\Http\Middleware\VerifyCsrfToken->handle(Object(Illuminate\Http\Request), Object(Closure))
#37 /var/www/html/dragonsdata/vendor/laravel/framework/src/Illuminate/Routing/Pipeline.php(33): Illuminate\Pipeline\Pipeline->Illuminate\Pipeline\{closure}(Object(Illuminate\Http\Request))
#38 /var/www/html/dragonsdata/vendor/laravel/framework/src/Illuminate/View/Middleware/ShareErrorsFromSession.php(49): Illuminate\Routing\Pipeline->Illuminate\Routing\{closure}(Object(Illuminate\Http\Request))
#39 /var/www/html/dragonsdata/vendor/laravel/framework/src/Illuminate/Pipeline/Pipeline.php(137): Illuminate\View\Middleware\ShareErrorsFromSession->handle(Object(Illuminate\Http\Request), Object(Closure))
#40 /var/www/html/dragonsdata/vendor/laravel/framework/src/Illuminate/Routing/Pipeline.php(33): Illuminate\Pipeline\Pipeline->Illuminate\Pipeline\{closure}(Object(Illuminate\Http\Request))
#41 /var/www/html/dragonsdata/vendor/laravel/framework/src/Illuminate/Session/Middleware/StartSession.php(64): Illuminate\Routing\Pipeline->Illuminate\Routing\{closure}(Object(Illuminate\Http\Request))
#42 /var/www/html/dragonsdata/vendor/laravel/framework/src/Illuminate/Pipeline/Pipeline.php(137): Illuminate\Session\Middleware\StartSession->handle(Object(Illuminate\Http\Request), Object(Closure))
#43 /var/www/html/dragonsdata/vendor/laravel/framework/src/Illuminate/Routing/Pipeline.php(33): Illuminate\Pipeline\Pipeline->Illuminate\Pipeline\{closure}(Object(Illuminate\Http\Request))
#44 /var/www/html/dragonsdata/vendor/laravel/framework/src/Illuminate/Cookie/Middleware/AddQueuedCookiesToResponse.php(37): Illuminate\Routing\Pipeline->Illuminate\Routing\{closure}(Object(Illuminate\Http\Request))
#45 /var/www/html/dragonsdata/vendor/laravel/framework/src/Illuminate/Pipeline/Pipeline.php(137): Illuminate\Cookie\Middleware\AddQueuedCookiesToResponse->handle(Object(Illuminate\Http\Request), Object(Closure))
#46 /var/www/html/dragonsdata/vendor/laravel/framework/src/Illuminate/Routing/Pipeline.php(33): Illuminate\Pipeline\Pipeline->Illuminate\Pipeline\{closure}(Object(Illuminate\Http\Request))
#47 /var/www/html/dragonsdata/vendor/laravel/framework/src/Illuminate/Cookie/Middleware/EncryptCookies.php(59): Illuminate\Routing\Pipeline->Illuminate\Routing\{closure}(Object(Illuminate\Http\Request))
#48 /var/www/html/dragonsdata/vendor/laravel/framework/src/Illuminate/Pipeline/Pipeline.php(137): Illuminate\Cookie\Middleware\EncryptCookies->handle(Object(Illuminate\Http\Request), Object(Closure))
#49 /var/www/html/dragonsdata/vendor/laravel/framework/src/Illuminate/Routing/Pipeline.php(33): Illuminate\Pipeline\Pipeline->Illuminate\Pipeline\{closure}(Object(Illuminate\Http\Request))
#50 /var/www/html/dragonsdata/vendor/laravel/framework/src/Illuminate/Pipeline/Pipeline.php(104): Illuminate\Routing\Pipeline->Illuminate\Routing\{closure}(Object(Illuminate\Http\Request))
#51 /var/www/html/dragonsdata/vendor/laravel/framework/src/Illuminate/Routing/Router.php(655): Illuminate\Pipeline\Pipeline->then(Object(Closure))
#52 /var/www/html/dragonsdata/vendor/laravel/framework/src/Illuminate/Routing/Router.php(629): Illuminate\Routing\Router->runRouteWithinStack(Object(Illuminate\Routing\Route), Object(Illuminate\Http\Request))
#53 /var/www/html/dragonsdata/vendor/laravel/framework/src/Illuminate/Routing/Router.php(607): Illuminate\Routing\Router->dispatchToRoute(Object(Illuminate\Http\Request))
#54 /var/www/html/dragonsdata/vendor/laravel/framework/src/Illuminate/Foundation/Http/Kernel.php(268): Illuminate\Routing\Router->dispatch(Object(Illuminate\Http\Request))
#55 /var/www/html/dragonsdata/vendor/laravel/framework/src/Illuminate/Routing/Pipeline.php(53): Illuminate\Foundation\Http\Kernel->Illuminate\Foundation\Http\{closure}(Object(Illuminate\Http\Request))
#56 /var/www/html/dragonsdata/vendor/laravel/framework/src/Illuminate/Foundation/Http/Middleware/CheckForMaintenanceMode.php(46): Illuminate\Routing\Pipeline->Illuminate\Routing\{closure}(Object(Illuminate\Http\Request))
#57 /var/www/html/dragonsdata/vendor/laravel/framework/src/Illuminate/Pipeline/Pipeline.php(137): Illuminate\Foundation\Http\Middleware\CheckForMaintenanceMode->handle(Object(Illuminate\Http\Request), Object(Closure))
#58 /var/www/html/dragonsdata/vendor/laravel/framework/src/Illuminate/Routing/Pipeline.php(33): Illuminate\Pipeline\Pipeline->Illuminate\Pipeline\{closure}(Object(Illuminate\Http\Request))
#59 /var/www/html/dragonsdata/vendor/laravel/framework/src/Illuminate/Pipeline/Pipeline.php(104): Illuminate\Routing\Pipeline->Illuminate\Routing\{closure}(Object(Illuminate\Http\Request))
#60 /var/www/html/dragonsdata/vendor/laravel/framework/src/Illuminate/Foundation/Http/Kernel.php(150): Illuminate\Pipeline\Pipeline->then(Object(Closure))
#61 /var/www/html/dragonsdata/vendor/laravel/framework/src/Illuminate/Foundation/Http/Kernel.php(117): Illuminate\Foundation\Http\Kernel->sendRequestThroughRouter(Object(Illuminate\Http\Request))
#62 /var/www/html/dragonsdata/public/index.php(53): Illuminate\Foundation\Http\Kernel->handle(Object(Illuminate\Http\Request))
#63 /var/www/html/dragonsdata/server.php(21): require_once('/var/www/html/d...')
#64 {main}

Next Illuminate\Database\QueryException: could not find driver (SQL: select count(*) as aggregate from `users` where `email` = rubenmaurer@live.de) in /var/www/html/dragonsdata/vendor/laravel/framework/src/Illuminate/Database/Connection.php:770
Stack trace:
#0 /var/www/html/dragonsdata/vendor/laravel/framework/src/Illuminate/Database/Connection.php(726): Illuminate\Database\Connection->runQueryCallback('select count(*)...', Array, Object(Closure))
#1 /var/www/html/dragonsdata/vendor/laravel/framework/src/Illuminate/Database/Connection.php(351): Illuminate\Database\Connection->run('select count(*)...', Array, Object(Closure))
#2 /var/www/html/dragonsdata/vendor/laravel/framework/src/Illuminate/Database/Query/Builder.php(1648): Illuminate\Database\Connection->select('select count(*)...', Array, false)
#3 /var/www/html/dragonsdata/vendor/laravel/framework/src/Illuminate/Database/Query/Builder.php(1634): Illuminate\Database\Query\Builder->runSelect()
#4 /var/www/html/dragonsdata/vendor/laravel/framework/src/Illuminate/Database/Query/Builder.php(2049): Illuminate\Database\Query\Builder->get(Array)
#5 /var/www/html/dragonsdata/vendor/laravel/framework/src/Illuminate/Database/Query/Builder.php(1969): Illuminate\Database\Query\Builder->aggregate('count', Array)
#6 /var/www/html/dragonsdata/vendor/laravel/framework/src/Illuminate/Validation/DatabasePresenceVerifier.php(65): Illuminate\Database\Query\Builder->count()
#7 /var/www/html/dragonsdata/vendor/laravel/framework/src/Illuminate/Validation/Validator.php(1403): Illuminate\Validation\DatabasePresenceVerifier->getCount('users', 'email', 'rubenmaurer@liv...', NULL, NULL, Array)
#8 /var/www/html/dragonsdata/vendor/laravel/framework/src/Illuminate/Validation/Validator.php(517): Illuminate\Validation\Validator->validateUnique('email', 'rubenmaurer@liv...', Array, Object(Illuminate\Validation\Validator))
#9 /var/www/html/dragonsdata/vendor/laravel/framework/src/Illuminate/Validation/Validator.php(431): Illuminate\Validation\Validator->validateAttribute('email', 'Unique')
#10 /var/www/html/dragonsdata/vendor/laravel/framework/src/Illuminate/Validation/Validator.php(456): Illuminate\Validation\Validator->passes()
#11 /var/www/html/dragonsdata/vendor/laravel/framework/src/Illuminate/Validation/Validator.php(468): Illuminate\Validation\Validator->fails()
#12 /var/www/html/dragonsdata/vendor/laravel/framework/src/Illuminate/Foundation/Auth/RegistersUsers.php(31): Illuminate\Validation\Validator->validate()
#13 [internal function]: App\Http\Controllers\Auth\RegisterController->register(Object(Illuminate\Http\Request))
#14 /var/www/html/dragonsdata/vendor/laravel/framework/src/Illuminate/Routing/Controller.php(55): call_user_func_array(Array, Array)
#15 /var/www/html/dragonsdata/vendor/laravel/framework/src/Illuminate/Routing/ControllerDispatcher.php(44): Illuminate\Routing\Controller->callAction('register', Array)
#16 /var/www/html/dragonsdata/vendor/laravel/framework/src/Illuminate/Routing/Route.php(189): Illuminate\Routing\ControllerDispatcher->dispatch(Object(Illuminate\Routing\Route), Object(App\Http\Controllers\Auth\RegisterController), 'register')
#17 /var/www/html/dragonsdata/vendor/laravel/framework/src/Illuminate/Routing/Route.php(144): Illuminate\Routing\Route->runController()
#18 /var/www/html/dragonsdata/vendor/laravel/framework/src/Illuminate/Routing/Router.php(653): Illuminate\Routing\Route->run(Object(Illuminate\Http\Request))
#19 /var/www/html/dragonsdata/vendor/laravel/framework/src/Illuminate/Routing/Pipeline.php(53): Illuminate\Routing\Router->Illuminate\Routing\{closure}(Object(Illuminate\Http\Request))
#20 /var/www/html/dragonsdata/app/Http/Middleware/RedirectIfAuthenticated.php(24): Illuminate\Routing\Pipeline->Illuminate\Routing\{closure}(Object(Illuminate\Http\Request))
#21 /var/www/html/dragonsdata/vendor/laravel/framework/src/Illuminate/Pipeline/Pipeline.php(137): App\Http\Middleware\RedirectIfAuthenticated->handle(Object(Illuminate\Http\Request), Object(Closure))
#22 /var/www/html/dragonsdata/vendor/laravel/framework/src/Illuminate/Routing/Pipeline.php(33): Illuminate\Pipeline\Pipeline->Illuminate\Pipeline\{closure}(Object(Illuminate\Http\Request))
#23 /var/www/html/dragonsdata/vendor/laravel/framework/src/Illuminate/Routing/Middleware/SubstituteBindings.php(41): Illuminate\Routing\Pipeline->Illuminate\Routing\{closure}(Object(Illuminate\Http\Request))
#24 /var/www/html/dragonsdata/vendor/laravel/framework/src/Illuminate/Pipeline/Pipeline.php(137): Illuminate\Routing\Middleware\SubstituteBindings->handle(Object(Illuminate\Http\Request), Object(Closure))
#25 /var/www/html/dragonsdata/vendor/laravel/framework/src/Illuminate/Routing/Pipeline.php(33): Illuminate\Pipeline\Pipeline->Illuminate\Pipeline\{closure}(Object(Illuminate\Http\Request))
#26 /var/www/html/dragonsdata/vendor/laravel/framework/src/Illuminate/Foundation/Http/Middleware/VerifyCsrfToken.php(65): Illuminate\Routing\Pipeline->Illuminate\Routing\{closure}(Object(Illuminate\Http\Request))
#27 /var/www/html/dragonsdata/vendor/laravel/framework/src/Illuminate/Pipeline/Pipeline.php(137): Illuminate\Foundation\Http\Middleware\VerifyCsrfToken->handle(Object(Illuminate\Http\Request), Object(Closure))
#28 /var/www/html/dragonsdata/vendor/laravel/framework/src/Illuminate/Routing/Pipeline.php(33): Illuminate\Pipeline\Pipeline->Illuminate\Pipeline\{closure}(Object(Illuminate\Http\Request))
#29 /var/www/html/dragonsdata/vendor/laravel/framework/src/Illuminate/View/Middleware/ShareErrorsFromSession.php(49): Illuminate\Routing\Pipeline->Illuminate\Routing\{closure}(Object(Illuminate\Http\Request))
#30 /var/www/html/dragonsdata/vendor/laravel/framework/src/Illuminate/Pipeline/Pipeline.php(137): Illuminate\View\Middleware\ShareErrorsFromSession->handle(Object(Illuminate\Http\Request), Object(Closure))
#31 /var/www/html/dragonsdata/vendor/laravel/framework/src/Illuminate/Routing/Pipeline.php(33): Illuminate\Pipeline\Pipeline->Illuminate\Pipeline\{closure}(Object(Illuminate\Http\Request))
#32 /var/www/html/dragonsdata/vendor/laravel/framework/src/Illuminate/Session/Middleware/StartSession.php(64): Illuminate\Routing\Pipeline->Illuminate\Routing\{closure}(Object(Illuminate\Http\Request))
#33 /var/www/html/dragonsdata/vendor/laravel/framework/src/Illuminate/Pipeline/Pipeline.php(137): Illuminate\Session\Middleware\StartSession->handle(Object(Illuminate\Http\Request), Object(Closure))
#34 /var/www/html/dragonsdata/vendor/laravel/framework/src/Illuminate/Routing/Pipeline.php(33): Illuminate\Pipeline\Pipeline->Illuminate\Pipeline\{closure}(Object(Illuminate\Http\Request))
#35 /var/www/html/dragonsdata/vendor/laravel/framework/src/Illuminate/Cookie/Middleware/AddQueuedCookiesToResponse.php(37): Illuminate\Routing\Pipeline->Illuminate\Routing\{closure}(Object(Illuminate\Http\Request))
#36 /var/www/html/dragonsdata/vendor/laravel/framework/src/Illuminate/Pipeline/Pipeline.php(137): Illuminate\Cookie\Middleware\AddQueuedCookiesToResponse->handle(Object(Illuminate\Http\Request), Object(Closure))
#37 /var/www/html/dragonsdata/vendor/laravel/framework/src/Illuminate/Routing/Pipeline.php(33): Illuminate\Pipeline\Pipeline->Illuminate\Pipeline\{closure}(Object(Illuminate\Http\Request))
#38 /var/www/html/dragonsdata/vendor/laravel/framework/src/Illuminate/Cookie/Middleware/EncryptCookies.php(59): Illuminate\Routing\Pipeline->Illuminate\Routing\{closure}(Object(Illuminate\Http\Request))
#39 /var/www/html/dragonsdata/vendor/laravel/framework/src/Illuminate/Pipeline/Pipeline.php(137): Illuminate\Cookie\Middleware\EncryptCookies->handle(Object(Illuminate\Http\Request), Object(Closure))
#40 /var/www/html/dragonsdata/vendor/laravel/framework/src/Illuminate/Routing/Pipeline.php(33): Illuminate\Pipeline\Pipeline->Illuminate\Pipeline\{closure}(Object(Illuminate\Http\Request))
#41 /var/www/html/dragonsdata/vendor/laravel/framework/src/Illuminate/Pipeline/Pipeline.php(104): Illuminate\Routing\Pipeline->Illuminate\Routing\{closure}(Object(Illuminate\Http\Request))
#42 /var/www/html/dragonsdata/vendor/laravel/framework/src/Illuminate/Routing/Router.php(655): Illuminate\Pipeline\Pipeline->then(Object(Closure))
#43 /var/www/html/dragonsdata/vendor/laravel/framework/src/Illuminate/Routing/Router.php(629): Illuminate\Routing\Router->runRouteWithinStack(Object(Illuminate\Routing\Route), Object(Illuminate\Http\Request))
#44 /var/www/html/dragonsdata/vendor/laravel/framework/src/Illuminate/Routing/Router.php(607): Illuminate\Routing\Router->dispatchToRoute(Object(Illuminate\Http\Request))
#45 /var/www/html/dragonsdata/vendor/laravel/framework/src/Illuminate/Foundation/Http/Kernel.php(268): Illuminate\Routing\Router->dispatch(Object(Illuminate\Http\Request))
#46 /var/www/html/dragonsdata/vendor/laravel/framework/src/Illuminate/Routing/Pipeline.php(53): Illuminate\Foundation\Http\Kernel->Illuminate\Foundation\Http\{closure}(Object(Illuminate\Http\Request))
#47 /var/www/html/dragonsdata/vendor/laravel/framework/src/Illuminate/Foundation/Http/Middleware/CheckForMaintenanceMode.php(46): Illuminate\Routing\Pipeline->Illuminate\Routing\{closure}(Object(Illuminate\Http\Request))
#48 /var/www/html/dragonsdata/vendor/laravel/framework/src/Illuminate/Pipeline/Pipeline.php(137): Illuminate\Foundation\Http\Middleware\CheckForMaintenanceMode->handle(Object(Illuminate\Http\Request), Object(Closure))
#49 /var/www/html/dragonsdata/vendor/laravel/framework/src/Illuminate/Routing/Pipeline.php(33): Illuminate\Pipeline\Pipeline->Illuminate\Pipeline\{closure}(Object(Illuminate\Http\Request))
#50 /var/www/html/dragonsdata/vendor/laravel/framework/src/Illuminate/Pipeline/Pipeline.php(104): Illuminate\Routing\Pipeline->Illuminate\Routing\{closure}(Object(Illuminate\Http\Request))
#51 /var/www/html/dragonsdata/vendor/laravel/framework/src/Illuminate/Foundation/Http/Kernel.php(150): Illuminate\Pipeline\Pipeline->then(Object(Closure))
#52 /var/www/html/dragonsdata/vendor/laravel/framework/src/Illuminate/Foundation/Http/Kernel.php(117): Illuminate\Foundation\Http\Kernel->sendRequestThroughRouter(Object(Illuminate\Http\Request))
#53 /var/www/html/dragonsdata/public/index.php(53): Illuminate\Foundation\Http\Kernel->handle(Object(Illuminate\Http\Request))
#54 /var/www/html/dragonsdata/server.php(21): require_once('/var/www/html/d...')
#55 {main}  
